0 info it worked if it ends with ok
1 verbose cli [ 'node', '/usr/local/bin/npm', 'install', 'moment.js' ]
2 info using npm@1.3.14
3 info using node@v0.10.22
4 warn package.json couchapp@0.10.0 No repository field.
5 verbose readDependencies using package.json deps
6 verbose cache add [ 'moment.js', null ]
7 verbose cache add name=undefined spec="moment.js" args=["moment.js",null]
8 verbose parsed url { protocol: null,
8 verbose parsed url   slashes: null,
8 verbose parsed url   auth: null,
8 verbose parsed url   host: null,
8 verbose parsed url   port: null,
8 verbose parsed url   hostname: null,
8 verbose parsed url   hash: null,
8 verbose parsed url   search: null,
8 verbose parsed url   query: null,
8 verbose parsed url   pathname: 'moment.js',
8 verbose parsed url   path: 'moment.js',
8 verbose parsed url   href: 'moment.js' }
9 silly lockFile 0aebd1dd-moment-js moment.js
10 verbose lock moment.js /Users/zagham.mehmood/.npm/0aebd1dd-moment-js.lock
11 silly lockFile 0aebd1dd-moment-js moment.js
12 silly lockFile 0aebd1dd-moment-js moment.js
13 verbose addNamed [ 'moment.js', '' ]
14 verbose addNamed [ null, '*' ]
15 silly lockFile 1e76404d-moment-js moment.js@
16 verbose lock moment.js@ /Users/zagham.mehmood/.npm/1e76404d-moment-js.lock
17 silly addNameRange { name: 'moment.js', range: '*', hasData: false }
18 verbose url raw moment.js
19 verbose url resolving [ 'https://registry.npmjs.org/', './moment.js' ]
20 verbose url resolved https://registry.npmjs.org/moment.js
21 info trying registry request attempt 1 at 15:43:12
22 http GET https://registry.npmjs.org/moment.js
23 http 404 https://registry.npmjs.org/moment.js
24 silly registry.get cb [ 404,
24 silly registry.get   { date: 'Tue, 04 Feb 2014 10:40:03 GMT',
24 silly registry.get     server: 'CouchDB/1.5.0 (Erlang OTP/R16B)',
24 silly registry.get     'content-type': 'application/json',
24 silly registry.get     via: '1.1 varnish',
24 silly registry.get     'cache-control': 'max-age=0',
24 silly registry.get     'content-length': '52',
24 silly registry.get     'accept-ranges': 'bytes',
24 silly registry.get     age: '0',
24 silly registry.get     'x-served-by': 'cache-v44-ASH, cache-fra1229-FRA',
24 silly registry.get     'x-cache': 'MISS, MISS',
24 silly registry.get     'x-cache-hits': '0, 0',
24 silly registry.get     'x-timer': 'S1391510402.820339918,VS0,VS47,VE130,VE183',
24 silly registry.get     'keep-alive': 'timeout=10, max=50',
24 silly registry.get     connection: 'Keep-Alive' } ]
25 silly lockFile 1e76404d-moment-js moment.js@
26 silly lockFile 1e76404d-moment-js moment.js@
27 error 404 'moment.js' is not in the npm registry.
27 error 404 You should bug the author to publish it
27 error 404
27 error 404 Maybe try 'npm search moment'
27 error 404
27 error 404 Note that you can also install from a
27 error 404 tarball, folder, or http url, or git url.
28 error System Darwin 11.4.0
29 error command "node" "/usr/local/bin/npm" "install" "moment.js"
30 error cwd /Users/zagham.mehmood/Desktop/BeLL-Apps
31 error node -v v0.10.22
32 error npm -v 1.3.14
33 error code E404
34 verbose exit [ 1, true ]
